<?xml version="1.0" encoding="UTF-8"?>
<!-- Generated by org.testng.reporters.JUnitReportReporter -->
<testsuite hostname="Strawberry" failures="0" tests="1" name="com.tutorialsninja.demo.testsuite.LaptopsAndNotebooksPageTest" time="16.739" errors="0" timestamp="2024-06-17T13:04:02 BST" skipped="0">
  <testcase classname="com.tutorialsninja.demo.testsuite.LaptopsAndNotebooksPageTest" name="verifyProductsPriceDisplayHighToLowSuccessfully" time="16.739">
    <system-out>
      <![CDATA[Click on laptops and notebooks [[ChromeDriver: chrome on windows (9a08d112f5ec2583d06bba7d0950a04c)] -> link text: Laptops & Notebooks]
Select Show AllLaptops & Notebooks from [[[ChromeDriver: chrome on windows (9a08d112f5ec2583d06bba7d0950a04c)] -> xpath: //nav[@id='menu']//ul/li[contains(@class, 'open')]/div/child::*], [[ChromeDriver: chrome on windows (9a08d112f5ec2583d06bba7d0950a04c)] -> xpath: //nav[@id='menu']//ul/li[contains(@class, 'open')]/div/child::*]]
Select option from [[ChromeDriver: chrome on windows (9a08d112f5ec2583d06bba7d0950a04c)] -> id: input-sort]
Get product prices [[[ChromeDriver: chrome on windows (9a08d112f5ec2583d06bba7d0950a04c)] -> xpath: //p[@class ='price']], [[ChromeDriver: chrome on windows (9a08d112f5ec2583d06bba7d0950a04c)] -> xpath: //p[@class ='price']], [[ChromeDriver: chrome on windows (9a08d112f5ec2583d06bba7d0950a04c)] -> xpath: //p[@class ='price']], [[ChromeDriver: chrome on windows (9a08d112f5ec2583d06bba7d0950a04c)] -> xpath: //p[@class ='price']], [[ChromeDriver: chrome on windows (9a08d112f5ec2583d06bba7d0950a04c)] -> xpath: //p[@class ='price']]]
Get product prices [[[ChromeDriver: chrome on windows (9a08d112f5ec2583d06bba7d0950a04c)] -> xpath: //p[@class ='price']], [[ChromeDriver: chrome on windows (9a08d112f5ec2583d06bba7d0950a04c)] -> xpath: //p[@class ='price']], [[ChromeDriver: chrome on windows (9a08d112f5ec2583d06bba7d0950a04c)] -> xpath: //p[@class ='price']], [[ChromeDriver: chrome on windows (9a08d112f5ec2583d06bba7d0950a04c)] -> xpath: //p[@class ='price']], [[ChromeDriver: chrome on windows (9a08d112f5ec2583d06bba7d0950a04c)] -> xpath: //p[@class ='price']]]]]>
    </system-out>
  </testcase> <!-- verifyProductsPriceDisplayHighToLowSuccessfully -->
  <system-out>
    <![CDATA[Click on laptops and notebooks [[ChromeDriver: chrome on windows (9a08d112f5ec2583d06bba7d0950a04c)] -> link text: Laptops & Notebooks]
Select Show AllLaptops & Notebooks from [[[ChromeDriver: chrome on windows (9a08d112f5ec2583d06bba7d0950a04c)] -> xpath: //nav[@id='menu']//ul/li[contains(@class, 'open')]/div/child::*], [[ChromeDriver: chrome on windows (9a08d112f5ec2583d06bba7d0950a04c)] -> xpath: //nav[@id='menu']//ul/li[contains(@class, 'open')]/div/child::*]]
Select option from [[ChromeDriver: chrome on windows (9a08d112f5ec2583d06bba7d0950a04c)] -> id: input-sort]
Get product prices [[[ChromeDriver: chrome on windows (9a08d112f5ec2583d06bba7d0950a04c)] -> xpath: //p[@class ='price']], [[ChromeDriver: chrome on windows (9a08d112f5ec2583d06bba7d0950a04c)] -> xpath: //p[@class ='price']], [[ChromeDriver: chrome on windows (9a08d112f5ec2583d06bba7d0950a04c)] -> xpath: //p[@class ='price']], [[ChromeDriver: chrome on windows (9a08d112f5ec2583d06bba7d0950a04c)] -> xpath: //p[@class ='price']], [[ChromeDriver: chrome on windows (9a08d112f5ec2583d06bba7d0950a04c)] -> xpath: //p[@class ='price']]]
Get product prices [[[ChromeDriver: chrome on windows (9a08d112f5ec2583d06bba7d0950a04c)] -> xpath: //p[@class ='price']], [[ChromeDriver: chrome on windows (9a08d112f5ec2583d06bba7d0950a04c)] -> xpath: //p[@class ='price']], [[ChromeDriver: chrome on windows (9a08d112f5ec2583d06bba7d0950a04c)] -> xpath: //p[@class ='price']], [[ChromeDriver: chrome on windows (9a08d112f5ec2583d06bba7d0950a04c)] -> xpath: //p[@class ='price']], [[ChromeDriver: chrome on windows (9a08d112f5ec2583d06bba7d0950a04c)] -> xpath: //p[@class ='price']]]]]>
  </system-out>
</testsuite> <!-- com.tutorialsninja.demo.testsuite.LaptopsAndNotebooksPageTest -->
