<?xml version="1.0" encoding="UTF-8"?>
<!-- Generated by org.testng.reporters.JUnitReportReporter -->
<testsuite hostname="Strawberry" failures="0" tests="1" name="com.tutorialsninja.demo.testsuite.DesktopsTest" time="9.520" errors="0" timestamp="2024-06-16T16:22:27 BST" skipped="0">
  <testcase classname="com.tutorialsninja.demo.testsuite.DesktopsTest" name="verifyProductArrangeInAlphaBaticalOrder" time="9.520">
    <system-out>
      <![CDATA[Click on desktop [[ChromeDriver: chrome on windows (86dbb297e45a59c1f30edf7a109a3f95)] -> link text: Desktops]
Select Show AllDesktops from [[[ChromeDriver: chrome on windows (86dbb297e45a59c1f30edf7a109a3f95)] -> xpath: //nav[@id='menu']//ul/li[contains(@class, 'open')]/div/child::*], [[ChromeDriver: chrome on windows (86dbb297e45a59c1f30edf7a109a3f95)] -> xpath: //nav[@id='menu']//ul/li[contains(@class, 'open')]/div/child::*]]
Select Name (Z - A) to sort by [[ChromeDriver: chrome on windows (86dbb297e45a59c1f30edf7a109a3f95)] -> id: input-sort]
Select option from null]]>
    </system-out>
  </testcase> <!-- verifyProductArrangeInAlphaBaticalOrder -->
  <system-out>
    <![CDATA[Click on desktop [[ChromeDriver: chrome on windows (86dbb297e45a59c1f30edf7a109a3f95)] -> link text: Desktops]
Select Show AllDesktops from [[[ChromeDriver: chrome on windows (86dbb297e45a59c1f30edf7a109a3f95)] -> xpath: //nav[@id='menu']//ul/li[contains(@class, 'open')]/div/child::*], [[ChromeDriver: chrome on windows (86dbb297e45a59c1f30edf7a109a3f95)] -> xpath: //nav[@id='menu']//ul/li[contains(@class, 'open')]/div/child::*]]
Select Name (Z - A) to sort by [[ChromeDriver: chrome on windows (86dbb297e45a59c1f30edf7a109a3f95)] -> id: input-sort]
Select option from null]]>
  </system-out>
</testsuite> <!-- com.tutorialsninja.demo.testsuite.DesktopsTest -->
